<?xml version="1.0" encoding="utf-8"?><testsuites name="pytest tests"><testsuite name="pytest" errors="0" failures="0" skipped="0" tests="23" time="5.749" timestamp="2026-07-07T18:51:19.109263+00:00" hostname="agent-env-d96b3f85-0794-40d1-9d86-57accfb24094"><testcase classname="tests.test_ai_and_regression" name="test_auth_me_admin_pro" time="0.317" /><testcase classname="tests.test_tiktok_and_plans.TestTikTokVerify" name="test_real_users[mrbeast]" time="1.052" /><testcase classname="tests.test_ai_and_regression" name="test_plans_public_with_limits" time="0.090" /><testcase classname="tests.test_ai_and_regression" name="test_tiktok_verify_real[mrbeast-1000000]" time="0.784" /><testcase classname="tests.test_tiktok_and_plans.TestTikTokVerify" name="test_real_users[charlidamelio]" time="0.665" /><testcase classname="tests.test_ai_and_regression" name="test_tiktok_verify_real[charlidamelio-1000000]" time="0.561" /><testcase classname="tests.test_tiktok_and_plans.TestTikTokVerify" name="test_real_users[khaby.lame]" time="0.548" /><testcase classname="tests.test_ai_and_regression" name="test_tiktok_verify_real[khaby.lame-1000000]" time="0.571" /><testcase classname="tests.test_tiktok_and_plans.TestTikTokVerify" name="test_fake_user" time="0.286" /><testcase classname="tests.test_ai_and_regression" name="test_tiktok_verify_fake" time="0.259" /><testcase classname="tests.test_tiktok_and_plans.TestTikTokVerify" name="test_link_via_profile_patch" time="0.084" /><testcase classname="tests.test_ai_and_regression" name="test_ai_chat_usage_admin" time="0.166" /><testcase classname="tests.test_tiktok_and_plans.TestAuthRegression" name="test_login_success" time="0.167" /><testcase classname="tests.test_ai_and_regression" name="test_ai_chat_usage_no_auth" time="0.112" /><testcase classname="tests.test_tiktok_and_plans.TestAuthRegression" name="test_me_endpoint" time="0.126" /><testcase classname="tests.test_ai_and_regression" name="test_ai_chat_stream" time="1.848" /><testcase classname="tests.test_tiktok_and_plans.TestAuthRegression" name="test_login_invalid" time="0.177" /><testcase classname="tests.test_tiktok_and_plans.TestPlansGranular" name="test_list_plans_has_new_fields" time="0.092" /><testcase classname="tests.test_tiktok_and_plans.TestPlansGranular" name="test_patch_plan_persists" time="0.280" /><testcase classname="tests.test_tiktok_and_plans.TestOverlaysRegression" name="test_layouts_list" time="0.086" /><testcase classname="tests.test_ai_and_regression" name="test_ai_video_usage" time="0.125" /><testcase classname="tests.test_ai_and_regression" name="test_ai_video_generate_pending" time="0.417" /><testcase classname="tests.test_ai_and_regression" name="test_ai_video_generate_invalid_duration" time="0.131" /></testsuite></testsuites>