<?xml version="1.0" encoding="utf-8"?><testsuites name="pytest tests"><testsuite name="pytest" errors="0" failures="0" skipped="0" tests="4" time="0.601" timestamp="2026-07-07T17:37:53.405699+00:00" hostname="agent-env-4026430b-56e5-43c6-bc35-8faf9d4b0037"><testcase classname="tests.test_overlays_phase1" name="test_login_admin" time="0.084" /><testcase classname="tests.test_overlays_phase1" name="test_login_invalid" time="0.081" /><testcase classname="tests.test_overlays_phase1" name="test_auth_me" time="0.087" /><testcase classname="tests.test_overlays_phase1" name="test_auth_me_no_token" time="0.003" /></testsuite></testsuites>